CRITICAL - 2023-06-04 06:36:13 --> Undefined variable $base_url
in APPPATH\Views\users\signin.php on line 15.
 1 APPPATH\Views\users\signin.php(15): CodeIgniter\Debug\Exceptions->errorHandler(2, 'Undefined variable $base_url', 'C:\\xampp\\htdocs\\php-login-registration-webapp\\app\\Views\\users\\signin.php', 15)
 2 SYSTEMPATH\View\View.php(213): include('C:\\xampp\\htdocs\\php-login-registration-webapp\\app\\Views\\users\\signin.php')
 3 SYSTEMPATH\View\View.php(216): CodeIgniter\View\View->CodeIgniter\View\{closure}()
 4 SYSTEMPATH\Common.php(1184): CodeIgniter\View\View->render('users/signin', [], true)
 5 APPPATH\Controllers\Users.php(67): view('users/signin')
 6 SYSTEMPATH\CodeIgniter.php(934): App\Controllers\Users->signinIndex()
 7 SYSTEMPATH\CodeIgniter.php(499): CodeIgniter\CodeIgniter->runController(Object(App\Controllers\Users))
 8 SYSTEMPATH\CodeIgniter.php(368): CodeIgniter\CodeIgniter->handleRequest(null, Object(Config\Cache), false)
 9 FCPATH\index.php(67): CodeIgniter\CodeIgniter->run()
10 SYSTEMPATH\Commands\Server\rewrite.php(47): require_once('C:\\xampp\\htdocs\\php-login-registration-webapp\\public\\index.php')
CRITICAL - 2023-06-04 06:36:14 --> Undefined variable $base_url
in APPPATH\Views\users\signin.php on line 15.
 1 APPPATH\Views\users\signin.php(15): CodeIgniter\Debug\Exceptions->errorHandler(2, 'Undefined variable $base_url', 'C:\\xampp\\htdocs\\php-login-registration-webapp\\app\\Views\\users\\signin.php', 15)
 2 SYSTEMPATH\View\View.php(213): include('C:\\xampp\\htdocs\\php-login-registration-webapp\\app\\Views\\users\\signin.php')
 3 SYSTEMPATH\View\View.php(216): CodeIgniter\View\View->CodeIgniter\View\{closure}()
 4 SYSTEMPATH\Common.php(1184): CodeIgniter\View\View->render('users/signin', [], true)
 5 APPPATH\Controllers\Users.php(67): view('users/signin')
 6 SYSTEMPATH\CodeIgniter.php(934): App\Controllers\Users->signinIndex()
 7 SYSTEMPATH\CodeIgniter.php(499): CodeIgniter\CodeIgniter->runController(Object(App\Controllers\Users))
 8 SYSTEMPATH\CodeIgniter.php(368): CodeIgniter\CodeIgniter->handleRequest(null, Object(Config\Cache), false)
 9 FCPATH\index.php(67): CodeIgniter\CodeIgniter->run()
10 SYSTEMPATH\Commands\Server\rewrite.php(47): require_once('C:\\xampp\\htdocs\\php-login-registration-webapp\\public\\index.php')
CRITICAL - 2023-06-04 06:36:20 --> Undefined variable $base_url
in APPPATH\Views\users\signin.php on line 15.
 1 APPPATH\Views\users\signin.php(15): CodeIgniter\Debug\Exceptions->errorHandler(2, 'Undefined variable $base_url', 'C:\\xampp\\htdocs\\php-login-registration-webapp\\app\\Views\\users\\signin.php', 15)
 2 SYSTEMPATH\View\View.php(213): include('C:\\xampp\\htdocs\\php-login-registration-webapp\\app\\Views\\users\\signin.php')
 3 SYSTEMPATH\View\View.php(216): CodeIgniter\View\View->CodeIgniter\View\{closure}()
 4 SYSTEMPATH\Common.php(1184): CodeIgniter\View\View->render('users/signin', [], true)
 5 APPPATH\Controllers\Users.php(67): view('users/signin')
 6 SYSTEMPATH\CodeIgniter.php(934): App\Controllers\Users->signinIndex()
 7 SYSTEMPATH\CodeIgniter.php(499): CodeIgniter\CodeIgniter->runController(Object(App\Controllers\Users))
 8 SYSTEMPATH\CodeIgniter.php(368): CodeIgniter\CodeIgniter->handleRequest(null, Object(Config\Cache), false)
 9 FCPATH\index.php(67): CodeIgniter\CodeIgniter->run()
10 SYSTEMPATH\Commands\Server\rewrite.php(47): require_once('C:\\xampp\\htdocs\\php-login-registration-webapp\\public\\index.php')
CRITICAL - 2023-06-04 06:36:21 --> Undefined variable $base_url
in APPPATH\Views\users\signin.php on line 15.
 1 APPPATH\Views\users\signin.php(15): CodeIgniter\Debug\Exceptions->errorHandler(2, 'Undefined variable $base_url', 'C:\\xampp\\htdocs\\php-login-registration-webapp\\app\\Views\\users\\signin.php', 15)
 2 SYSTEMPATH\View\View.php(213): include('C:\\xampp\\htdocs\\php-login-registration-webapp\\app\\Views\\users\\signin.php')
 3 SYSTEMPATH\View\View.php(216): CodeIgniter\View\View->CodeIgniter\View\{closure}()
 4 SYSTEMPATH\Common.php(1184): CodeIgniter\View\View->render('users/signin', [], true)
 5 APPPATH\Controllers\Users.php(67): view('users/signin')
 6 SYSTEMPATH\CodeIgniter.php(934): App\Controllers\Users->signinIndex()
 7 SYSTEMPATH\CodeIgniter.php(499): CodeIgniter\CodeIgniter->runController(Object(App\Controllers\Users))
 8 SYSTEMPATH\CodeIgniter.php(368): CodeIgniter\CodeIgniter->handleRequest(null, Object(Config\Cache), false)
 9 FCPATH\index.php(67): CodeIgniter\CodeIgniter->run()
10 SYSTEMPATH\Commands\Server\rewrite.php(47): require_once('C:\\xampp\\htdocs\\php-login-registration-webapp\\public\\index.php')
CRITICAL - 2023-06-04 06:36:26 --> Undefined variable $base_url
in APPPATH\Views\users\signin.php on line 15.
 1 APPPATH\Views\users\signin.php(15): CodeIgniter\Debug\Exceptions->errorHandler(2, 'Undefined variable $base_url', 'C:\\xampp\\htdocs\\php-login-registration-webapp\\app\\Views\\users\\signin.php', 15)
 2 SYSTEMPATH\View\View.php(213): include('C:\\xampp\\htdocs\\php-login-registration-webapp\\app\\Views\\users\\signin.php')
 3 SYSTEMPATH\View\View.php(216): CodeIgniter\View\View->CodeIgniter\View\{closure}()
 4 SYSTEMPATH\Common.php(1184): CodeIgniter\View\View->render('users/signin', [], true)
 5 APPPATH\Controllers\Users.php(67): view('users/signin')
 6 SYSTEMPATH\CodeIgniter.php(934): App\Controllers\Users->signinIndex()
 7 SYSTEMPATH\CodeIgniter.php(499): CodeIgniter\CodeIgniter->runController(Object(App\Controllers\Users))
 8 SYSTEMPATH\CodeIgniter.php(368): CodeIgniter\CodeIgniter->handleRequest(null, Object(Config\Cache), false)
 9 FCPATH\index.php(67): CodeIgniter\CodeIgniter->run()
10 SYSTEMPATH\Commands\Server\rewrite.php(47): require_once('C:\\xampp\\htdocs\\php-login-registration-webapp\\public\\index.php')
CRITICAL - 2023-06-04 06:36:27 --> Undefined variable $base_url
in APPPATH\Views\users\signin.php on line 15.
 1 APPPATH\Views\users\signin.php(15): CodeIgniter\Debug\Exceptions->errorHandler(2, 'Undefined variable $base_url', 'C:\\xampp\\htdocs\\php-login-registration-webapp\\app\\Views\\users\\signin.php', 15)
 2 SYSTEMPATH\View\View.php(213): include('C:\\xampp\\htdocs\\php-login-registration-webapp\\app\\Views\\users\\signin.php')
 3 SYSTEMPATH\View\View.php(216): CodeIgniter\View\View->CodeIgniter\View\{closure}()
 4 SYSTEMPATH\Common.php(1184): CodeIgniter\View\View->render('users/signin', [], true)
 5 APPPATH\Controllers\Users.php(67): view('users/signin')
 6 SYSTEMPATH\CodeIgniter.php(934): App\Controllers\Users->signinIndex()
 7 SYSTEMPATH\CodeIgniter.php(499): CodeIgniter\CodeIgniter->runController(Object(App\Controllers\Users))
 8 SYSTEMPATH\CodeIgniter.php(368): CodeIgniter\CodeIgniter->handleRequest(null, Object(Config\Cache), false)
 9 FCPATH\index.php(67): CodeIgniter\CodeIgniter->run()
10 SYSTEMPATH\Commands\Server\rewrite.php(47): require_once('C:\\xampp\\htdocs\\php-login-registration-webapp\\public\\index.php')
CRITICAL - 2023-06-04 06:37:11 --> Undefined variable $baseURL
in APPPATH\Views\users\signin.php on line 15.
 1 APPPATH\Views\users\signin.php(15): CodeIgniter\Debug\Exceptions->errorHandler(2, 'Undefined variable $baseURL', 'C:\\xampp\\htdocs\\php-login-registration-webapp\\app\\Views\\users\\signin.php', 15)
 2 SYSTEMPATH\View\View.php(213): include('C:\\xampp\\htdocs\\php-login-registration-webapp\\app\\Views\\users\\signin.php')
 3 SYSTEMPATH\View\View.php(216): CodeIgniter\View\View->CodeIgniter\View\{closure}()
 4 SYSTEMPATH\Common.php(1184): CodeIgniter\View\View->render('users/signin', [], true)
 5 APPPATH\Controllers\Users.php(67): view('users/signin')
 6 SYSTEMPATH\CodeIgniter.php(934): App\Controllers\Users->signinIndex()
 7 SYSTEMPATH\CodeIgniter.php(499): CodeIgniter\CodeIgniter->runController(Object(App\Controllers\Users))
 8 SYSTEMPATH\CodeIgniter.php(368): CodeIgniter\CodeIgniter->handleRequest(null, Object(Config\Cache), false)
 9 FCPATH\index.php(67): CodeIgniter\CodeIgniter->run()
10 SYSTEMPATH\Commands\Server\rewrite.php(47): require_once('C:\\xampp\\htdocs\\php-login-registration-webapp\\public\\index.php')
CRITICAL - 2023-06-04 06:37:12 --> Undefined variable $baseURL
in APPPATH\Views\users\signin.php on line 15.
 1 APPPATH\Views\users\signin.php(15): CodeIgniter\Debug\Exceptions->errorHandler(2, 'Undefined variable $baseURL', 'C:\\xampp\\htdocs\\php-login-registration-webapp\\app\\Views\\users\\signin.php', 15)
 2 SYSTEMPATH\View\View.php(213): include('C:\\xampp\\htdocs\\php-login-registration-webapp\\app\\Views\\users\\signin.php')
 3 SYSTEMPATH\View\View.php(216): CodeIgniter\View\View->CodeIgniter\View\{closure}()
 4 SYSTEMPATH\Common.php(1184): CodeIgniter\View\View->render('users/signin', [], true)
 5 APPPATH\Controllers\Users.php(67): view('users/signin')
 6 SYSTEMPATH\CodeIgniter.php(934): App\Controllers\Users->signinIndex()
 7 SYSTEMPATH\CodeIgniter.php(499): CodeIgniter\CodeIgniter->runController(Object(App\Controllers\Users))
 8 SYSTEMPATH\CodeIgniter.php(368): CodeIgniter\CodeIgniter->handleRequest(null, Object(Config\Cache), false)
 9 FCPATH\index.php(67): CodeIgniter\CodeIgniter->run()
10 SYSTEMPATH\Commands\Server\rewrite.php(47): require_once('C:\\xampp\\htdocs\\php-login-registration-webapp\\public\\index.php')
CRITICAL - 2023-06-04 06:39:25 --> view(): Argument #2 ($data) must be of type array, string given, called in C:\xampp\htdocs\php-login-registration-webapp\app\Controllers\Users.php on line 68
in SYSTEMPATH\Common.php on line 1172.
 1 APPPATH\Controllers\Users.php(68): view('users/signin', 'http://localhost:8080/')
 2 SYSTEMPATH\CodeIgniter.php(934): App\Controllers\Users->signinIndex()
 3 SYSTEMPATH\CodeIgniter.php(499): CodeIgniter\CodeIgniter->runController(Object(App\Controllers\Users))
 4 SYSTEMPATH\CodeIgniter.php(368): CodeIgniter\CodeIgniter->handleRequest(null, Object(Config\Cache), false)
 5 FCPATH\index.php(67): CodeIgniter\CodeIgniter->run()
 6 SYSTEMPATH\Commands\Server\rewrite.php(47): require_once('C:\\xampp\\htdocs\\php-login-registration-webapp\\public\\index.php')
CRITICAL - 2023-06-04 06:39:26 --> view(): Argument #2 ($data) must be of type array, string given, called in C:\xampp\htdocs\php-login-registration-webapp\app\Controllers\Users.php on line 68
in SYSTEMPATH\Common.php on line 1172.
 1 APPPATH\Controllers\Users.php(68): view('users/signin', 'http://localhost:8080/')
 2 SYSTEMPATH\CodeIgniter.php(934): App\Controllers\Users->signinIndex()
 3 SYSTEMPATH\CodeIgniter.php(499): CodeIgniter\CodeIgniter->runController(Object(App\Controllers\Users))
 4 SYSTEMPATH\CodeIgniter.php(368): CodeIgniter\CodeIgniter->handleRequest(null, Object(Config\Cache), false)
 5 FCPATH\index.php(67): CodeIgniter\CodeIgniter->run()
 6 SYSTEMPATH\Commands\Server\rewrite.php(47): require_once('C:\\xampp\\htdocs\\php-login-registration-webapp\\public\\index.php')
CRITICAL - 2023-06-04 06:58:27 --> Undefined global variable $_SESSION
in APPPATH\Views\welcome_message.php on line 201.
 1 APPPATH\Views\welcome_message.php(201): CodeIgniter\Debug\Exceptions->errorHandler(2, 'Undefined global variable $_SESSION', 'C:\\xampp\\htdocs\\php-login-registration-webapp\\app\\Views\\welcome_message.php', 201)
 2 SYSTEMPATH\View\View.php(213): include('C:\\xampp\\htdocs\\php-login-registration-webapp\\app\\Views\\welcome_message.php')
 3 SYSTEMPATH\View\View.php(216): CodeIgniter\View\View->CodeIgniter\View\{closure}()
 4 SYSTEMPATH\Common.php(1184): CodeIgniter\View\View->render('welcome_message', [], true)
 5 APPPATH\Controllers\Home.php(10): view('welcome_message')
 6 SYSTEMPATH\CodeIgniter.php(934): App\Controllers\Home->index()
 7 SYSTEMPATH\CodeIgniter.php(499): CodeIgniter\CodeIgniter->runController(Object(App\Controllers\Home))
 8 SYSTEMPATH\CodeIgniter.php(368): CodeIgniter\CodeIgniter->handleRequest(null, Object(Config\Cache), false)
 9 FCPATH\index.php(67): CodeIgniter\CodeIgniter->run()
10 SYSTEMPATH\Commands\Server\rewrite.php(47): require_once('C:\\xampp\\htdocs\\php-login-registration-webapp\\public\\index.php')
CRITICAL - 2023-06-04 06:58:28 --> Undefined global variable $_SESSION
in APPPATH\Views\welcome_message.php on line 201.
 1 APPPATH\Views\welcome_message.php(201): CodeIgniter\Debug\Exceptions->errorHandler(2, 'Undefined global variable $_SESSION', 'C:\\xampp\\htdocs\\php-login-registration-webapp\\app\\Views\\welcome_message.php', 201)
 2 SYSTEMPATH\View\View.php(213): include('C:\\xampp\\htdocs\\php-login-registration-webapp\\app\\Views\\welcome_message.php')
 3 SYSTEMPATH\View\View.php(216): CodeIgniter\View\View->CodeIgniter\View\{closure}()
 4 SYSTEMPATH\Common.php(1184): CodeIgniter\View\View->render('welcome_message', [], true)
 5 APPPATH\Controllers\Home.php(10): view('welcome_message')
 6 SYSTEMPATH\CodeIgniter.php(934): App\Controllers\Home->index()
 7 SYSTEMPATH\CodeIgniter.php(499): CodeIgniter\CodeIgniter->runController(Object(App\Controllers\Home))
 8 SYSTEMPATH\CodeIgniter.php(368): CodeIgniter\CodeIgniter->handleRequest(null, Object(Config\Cache), false)
 9 FCPATH\index.php(67): CodeIgniter\CodeIgniter->run()
10 SYSTEMPATH\Commands\Server\rewrite.php(47): require_once('C:\\xampp\\htdocs\\php-login-registration-webapp\\public\\index.php')
CRITICAL - 2023-06-04 07:00:42 --> Undefined global variable $_SESSION
in APPPATH\Views\welcome_message.php on line 202.
 1 APPPATH\Views\welcome_message.php(202): CodeIgniter\Debug\Exceptions->errorHandler(2, 'Undefined global variable $_SESSION', 'C:\\xampp\\htdocs\\php-login-registration-webapp\\app\\Views\\welcome_message.php', 202)
 2 SYSTEMPATH\View\View.php(213): include('C:\\xampp\\htdocs\\php-login-registration-webapp\\app\\Views\\welcome_message.php')
 3 SYSTEMPATH\View\View.php(216): CodeIgniter\View\View->CodeIgniter\View\{closure}()
 4 SYSTEMPATH\Common.php(1184): CodeIgniter\View\View->render('welcome_message', [], true)
 5 APPPATH\Controllers\Home.php(10): view('welcome_message')
 6 SYSTEMPATH\CodeIgniter.php(934): App\Controllers\Home->index()
 7 SYSTEMPATH\CodeIgniter.php(499): CodeIgniter\CodeIgniter->runController(Object(App\Controllers\Home))
 8 SYSTEMPATH\CodeIgniter.php(368): CodeIgniter\CodeIgniter->handleRequest(null, Object(Config\Cache), false)
 9 FCPATH\index.php(67): CodeIgniter\CodeIgniter->run()
10 SYSTEMPATH\Commands\Server\rewrite.php(47): require_once('C:\\xampp\\htdocs\\php-login-registration-webapp\\public\\index.php')
CRITICAL - 2023-06-04 07:00:44 --> Undefined global variable $_SESSION
in APPPATH\Views\welcome_message.php on line 202.
 1 APPPATH\Views\welcome_message.php(202): CodeIgniter\Debug\Exceptions->errorHandler(2, 'Undefined global variable $_SESSION', 'C:\\xampp\\htdocs\\php-login-registration-webapp\\app\\Views\\welcome_message.php', 202)
 2 SYSTEMPATH\View\View.php(213): include('C:\\xampp\\htdocs\\php-login-registration-webapp\\app\\Views\\welcome_message.php')
 3 SYSTEMPATH\View\View.php(216): CodeIgniter\View\View->CodeIgniter\View\{closure}()
 4 SYSTEMPATH\Common.php(1184): CodeIgniter\View\View->render('welcome_message', [], true)
 5 APPPATH\Controllers\Home.php(10): view('welcome_message')
 6 SYSTEMPATH\CodeIgniter.php(934): App\Controllers\Home->index()
 7 SYSTEMPATH\CodeIgniter.php(499): CodeIgniter\CodeIgniter->runController(Object(App\Controllers\Home))
 8 SYSTEMPATH\CodeIgniter.php(368): CodeIgniter\CodeIgniter->handleRequest(null, Object(Config\Cache), false)
 9 FCPATH\index.php(67): CodeIgniter\CodeIgniter->run()
10 SYSTEMPATH\Commands\Server\rewrite.php(47): require_once('C:\\xampp\\htdocs\\php-login-registration-webapp\\public\\index.php')
CRITICAL - 2023-06-04 07:31:49 --> The action you requested is not allowed.
in SYSTEMPATH\Security\Security.php on line 306.
 1 SYSTEMPATH\Security\Security.php(306): CodeIgniter\Security\Exceptions\SecurityException::forDisallowedAction()
 2 SYSTEMPATH\Filters\CSRF.php(55): CodeIgniter\Security\Security->verify(Object(CodeIgniter\HTTP\IncomingRequest))
 3 SYSTEMPATH\Filters\Filters.php(173): CodeIgniter\Filters\CSRF->before(Object(CodeIgniter\HTTP\IncomingRequest), null)
 4 SYSTEMPATH\CodeIgniter.php(473): CodeIgniter\Filters\Filters->run('user/loginAuth', 'before')
 5 SYSTEMPATH\CodeIgniter.php(368): CodeIgniter\CodeIgniter->handleRequest(null, Object(Config\Cache), false)
 6 FCPATH\index.php(67): CodeIgniter\CodeIgniter->run()
 7 SYSTEMPATH\Commands\Server\rewrite.php(47): require_once('C:\\xampp\\htdocs\\php-login-registration-webapp\\public\\index.php')
CRITICAL - 2023-06-04 07:33:56 --> Undefined variable $data
in APPPATH\Views\users\signin.php on line 14.
 1 APPPATH\Views\users\signin.php(14): CodeIgniter\Debug\Exceptions->errorHandler(2, 'Undefined variable $data', 'C:\\xampp\\htdocs\\php-login-registration-webapp\\app\\Views\\users\\signin.php', 14)
 2 SYSTEMPATH\View\View.php(213): include('C:\\xampp\\htdocs\\php-login-registration-webapp\\app\\Views\\users\\signin.php')
 3 SYSTEMPATH\View\View.php(216): CodeIgniter\View\View->CodeIgniter\View\{closure}()
 4 SYSTEMPATH\Common.php(1184): CodeIgniter\View\View->render('users/signin', [], true)
 5 APPPATH\Controllers\Users.php(70): view('users/signin', [...])
 6 SYSTEMPATH\CodeIgniter.php(934): App\Controllers\Users->signinIndex()
 7 SYSTEMPATH\CodeIgniter.php(499): CodeIgniter\CodeIgniter->runController(Object(App\Controllers\Users))
 8 SYSTEMPATH\CodeIgniter.php(368): CodeIgniter\CodeIgniter->handleRequest(null, Object(Config\Cache), false)
 9 FCPATH\index.php(67): CodeIgniter\CodeIgniter->run()
10 SYSTEMPATH\Commands\Server\rewrite.php(47): require_once('C:\\xampp\\htdocs\\php-login-registration-webapp\\public\\index.php')
CRITICAL - 2023-06-04 07:33:57 --> Undefined variable $data
in APPPATH\Views\users\signin.php on line 14.
 1 APPPATH\Views\users\signin.php(14): CodeIgniter\Debug\Exceptions->errorHandler(2, 'Undefined variable $data', 'C:\\xampp\\htdocs\\php-login-registration-webapp\\app\\Views\\users\\signin.php', 14)
 2 SYSTEMPATH\View\View.php(213): include('C:\\xampp\\htdocs\\php-login-registration-webapp\\app\\Views\\users\\signin.php')
 3 SYSTEMPATH\View\View.php(216): CodeIgniter\View\View->CodeIgniter\View\{closure}()
 4 SYSTEMPATH\Common.php(1184): CodeIgniter\View\View->render('users/signin', [], true)
 5 APPPATH\Controllers\Users.php(70): view('users/signin', [...])
 6 SYSTEMPATH\CodeIgniter.php(934): App\Controllers\Users->signinIndex()
 7 SYSTEMPATH\CodeIgniter.php(499): CodeIgniter\CodeIgniter->runController(Object(App\Controllers\Users))
 8 SYSTEMPATH\CodeIgniter.php(368): CodeIgniter\CodeIgniter->handleRequest(null, Object(Config\Cache), false)
 9 FCPATH\index.php(67): CodeIgniter\CodeIgniter->run()
10 SYSTEMPATH\Commands\Server\rewrite.php(47): require_once('C:\\xampp\\htdocs\\php-login-registration-webapp\\public\\index.php')
CRITICAL - 2023-06-04 07:56:19 --> Undefined variable $editMode
in APPPATH\Views\users\profile.php on line 11.
 1 APPPATH\Views\users\profile.php(11): CodeIgniter\Debug\Exceptions->errorHandler(2, 'Undefined variable $editMode', 'C:\\xampp\\htdocs\\php-login-registration-webapp\\app\\Views\\users\\profile.php', 11)
 2 SYSTEMPATH\View\View.php(213): include('C:\\xampp\\htdocs\\php-login-registration-webapp\\app\\Views\\users\\profile.php')
 3 SYSTEMPATH\View\View.php(216): CodeIgniter\View\View->CodeIgniter\View\{closure}()
 4 SYSTEMPATH\Common.php(1184): CodeIgniter\View\View->render('users/profile', [], true)
 5 APPPATH\Controllers\Users.php(28): view('users/profile', [...])
 6 SYSTEMPATH\CodeIgniter.php(934): App\Controllers\Users->view('4')
 7 SYSTEMPATH\CodeIgniter.php(499): CodeIgniter\CodeIgniter->runController(Object(App\Controllers\Users))
 8 SYSTEMPATH\CodeIgniter.php(368): CodeIgniter\CodeIgniter->handleRequest(null, Object(Config\Cache), false)
 9 FCPATH\index.php(67): CodeIgniter\CodeIgniter->run()
10 SYSTEMPATH\Commands\Server\rewrite.php(47): require_once('C:\\xampp\\htdocs\\php-login-registration-webapp\\public\\index.php')
CRITICAL - 2023-06-04 07:56:20 --> Undefined variable $editMode
in APPPATH\Views\users\profile.php on line 11.
 1 APPPATH\Views\users\profile.php(11): CodeIgniter\Debug\Exceptions->errorHandler(2, 'Undefined variable $editMode', 'C:\\xampp\\htdocs\\php-login-registration-webapp\\app\\Views\\users\\profile.php', 11)
 2 SYSTEMPATH\View\View.php(213): include('C:\\xampp\\htdocs\\php-login-registration-webapp\\app\\Views\\users\\profile.php')
 3 SYSTEMPATH\View\View.php(216): CodeIgniter\View\View->CodeIgniter\View\{closure}()
 4 SYSTEMPATH\Common.php(1184): CodeIgniter\View\View->render('users/profile', [], true)
 5 APPPATH\Controllers\Users.php(28): view('users/profile', [...])
 6 SYSTEMPATH\CodeIgniter.php(934): App\Controllers\Users->view('4')
 7 SYSTEMPATH\CodeIgniter.php(499): CodeIgniter\CodeIgniter->runController(Object(App\Controllers\Users))
 8 SYSTEMPATH\CodeIgniter.php(368): CodeIgniter\CodeIgniter->handleRequest(null, Object(Config\Cache), false)
 9 FCPATH\index.php(67): CodeIgniter\CodeIgniter->run()
10 SYSTEMPATH\Commands\Server\rewrite.php(47): require_once('C:\\xampp\\htdocs\\php-login-registration-webapp\\public\\index.php')
CRITICAL - 2023-06-04 07:58:29 --> Undefined variable $baseURL
in APPPATH\Views\users\profile.php on line 12.
 1 APPPATH\Views\users\profile.php(12): CodeIgniter\Debug\Exceptions->errorHandler(2, 'Undefined variable $baseURL', 'C:\\xampp\\htdocs\\php-login-registration-webapp\\app\\Views\\users\\profile.php', 12)
 2 SYSTEMPATH\View\View.php(213): include('C:\\xampp\\htdocs\\php-login-registration-webapp\\app\\Views\\users\\profile.php')
 3 SYSTEMPATH\View\View.php(216): CodeIgniter\View\View->CodeIgniter\View\{closure}()
 4 SYSTEMPATH\Common.php(1184): CodeIgniter\View\View->render('users/profile', [], true)
 5 APPPATH\Controllers\Users.php(28): view('users/profile', [...])
 6 SYSTEMPATH\CodeIgniter.php(934): App\Controllers\Users->view('4')
 7 SYSTEMPATH\CodeIgniter.php(499): CodeIgniter\CodeIgniter->runController(Object(App\Controllers\Users))
 8 SYSTEMPATH\CodeIgniter.php(368): CodeIgniter\CodeIgniter->handleRequest(null, Object(Config\Cache), false)
 9 FCPATH\index.php(67): CodeIgniter\CodeIgniter->run()
10 SYSTEMPATH\Commands\Server\rewrite.php(47): require_once('C:\\xampp\\htdocs\\php-login-registration-webapp\\public\\index.php')
CRITICAL - 2023-06-04 07:58:30 --> Undefined variable $baseURL
in APPPATH\Views\users\profile.php on line 12.
 1 APPPATH\Views\users\profile.php(12): CodeIgniter\Debug\Exceptions->errorHandler(2, 'Undefined variable $baseURL', 'C:\\xampp\\htdocs\\php-login-registration-webapp\\app\\Views\\users\\profile.php', 12)
 2 SYSTEMPATH\View\View.php(213): include('C:\\xampp\\htdocs\\php-login-registration-webapp\\app\\Views\\users\\profile.php')
 3 SYSTEMPATH\View\View.php(216): CodeIgniter\View\View->CodeIgniter\View\{closure}()
 4 SYSTEMPATH\Common.php(1184): CodeIgniter\View\View->render('users/profile', [], true)
 5 APPPATH\Controllers\Users.php(28): view('users/profile', [...])
 6 SYSTEMPATH\CodeIgniter.php(934): App\Controllers\Users->view('4')
 7 SYSTEMPATH\CodeIgniter.php(499): CodeIgniter\CodeIgniter->runController(Object(App\Controllers\Users))
 8 SYSTEMPATH\CodeIgniter.php(368): CodeIgniter\CodeIgniter->handleRequest(null, Object(Config\Cache), false)
 9 FCPATH\index.php(67): CodeIgniter\CodeIgniter->run()
10 SYSTEMPATH\Commands\Server\rewrite.php(47): require_once('C:\\xampp\\htdocs\\php-login-registration-webapp\\public\\index.php')
CRITICAL - 2023-06-04 08:01:58 --> Undefined variable $baseURL
in APPPATH\Views\users\profile.php on line 12.
 1 APPPATH\Views\users\profile.php(12): CodeIgniter\Debug\Exceptions->errorHandler(2, 'Undefined variable $baseURL', 'C:\\xampp\\htdocs\\php-login-registration-webapp\\app\\Views\\users\\profile.php', 12)
 2 SYSTEMPATH\View\View.php(213): include('C:\\xampp\\htdocs\\php-login-registration-webapp\\app\\Views\\users\\profile.php')
 3 SYSTEMPATH\View\View.php(216): CodeIgniter\View\View->CodeIgniter\View\{closure}()
 4 SYSTEMPATH\Common.php(1184): CodeIgniter\View\View->render('users/profile', [], true)
 5 APPPATH\Controllers\Users.php(28): view('users/profile', [...])
 6 SYSTEMPATH\CodeIgniter.php(934): App\Controllers\Users->view('4')
 7 SYSTEMPATH\CodeIgniter.php(499): CodeIgniter\CodeIgniter->runController(Object(App\Controllers\Users))
 8 SYSTEMPATH\CodeIgniter.php(368): CodeIgniter\CodeIgniter->handleRequest(null, Object(Config\Cache), false)
 9 FCPATH\index.php(67): CodeIgniter\CodeIgniter->run()
10 SYSTEMPATH\Commands\Server\rewrite.php(47): require_once('C:\\xampp\\htdocs\\php-login-registration-webapp\\public\\index.php')
CRITICAL - 2023-06-04 08:01:59 --> Undefined variable $baseURL
in APPPATH\Views\users\profile.php on line 12.
 1 APPPATH\Views\users\profile.php(12): CodeIgniter\Debug\Exceptions->errorHandler(2, 'Undefined variable $baseURL', 'C:\\xampp\\htdocs\\php-login-registration-webapp\\app\\Views\\users\\profile.php', 12)
 2 SYSTEMPATH\View\View.php(213): include('C:\\xampp\\htdocs\\php-login-registration-webapp\\app\\Views\\users\\profile.php')
 3 SYSTEMPATH\View\View.php(216): CodeIgniter\View\View->CodeIgniter\View\{closure}()
 4 SYSTEMPATH\Common.php(1184): CodeIgniter\View\View->render('users/profile', [], true)
 5 APPPATH\Controllers\Users.php(28): view('users/profile', [...])
 6 SYSTEMPATH\CodeIgniter.php(934): App\Controllers\Users->view('4')
 7 SYSTEMPATH\CodeIgniter.php(499): CodeIgniter\CodeIgniter->runController(Object(App\Controllers\Users))
 8 SYSTEMPATH\CodeIgniter.php(368): CodeIgniter\CodeIgniter->handleRequest(null, Object(Config\Cache), false)
 9 FCPATH\index.php(67): CodeIgniter\CodeIgniter->run()
10 SYSTEMPATH\Commands\Server\rewrite.php(47): require_once('C:\\xampp\\htdocs\\php-login-registration-webapp\\public\\index.php')
CRITICAL - 2023-06-04 12:46:11 --> Undefined variable $user
in APPPATH\Views\users\edit.php on line 14.
 1 APPPATH\Views\users\edit.php(14): CodeIgniter\Debug\Exceptions->errorHandler(2, 'Undefined variable $user', 'C:\\xampp\\htdocs\\php-login-registration-webapp\\app\\Views\\users\\edit.php', 14)
 2 SYSTEMPATH\View\View.php(213): include('C:\\xampp\\htdocs\\php-login-registration-webapp\\app\\Views\\users\\edit.php')
 3 SYSTEMPATH\View\View.php(216): CodeIgniter\View\View->CodeIgniter\View\{closure}()
 4 SYSTEMPATH\Common.php(1184): CodeIgniter\View\View->render('users/edit', [], true)
 5 APPPATH\Controllers\Users.php(103): view('users/edit')
 6 SYSTEMPATH\CodeIgniter.php(934): App\Controllers\Users->editIndex()
 7 SYSTEMPATH\CodeIgniter.php(499): CodeIgniter\CodeIgniter->runController(Object(App\Controllers\Users))
 8 SYSTEMPATH\CodeIgniter.php(368): CodeIgniter\CodeIgniter->handleRequest(null, Object(Config\Cache), false)
 9 FCPATH\index.php(67): CodeIgniter\CodeIgniter->run()
10 SYSTEMPATH\Commands\Server\rewrite.php(47): require_once('C:\\xampp\\htdocs\\php-login-registration-webapp\\public\\index.php')
CRITICAL - 2023-06-04 12:46:12 --> Undefined variable $user
in APPPATH\Views\users\edit.php on line 14.
 1 APPPATH\Views\users\edit.php(14): CodeIgniter\Debug\Exceptions->errorHandler(2, 'Undefined variable $user', 'C:\\xampp\\htdocs\\php-login-registration-webapp\\app\\Views\\users\\edit.php', 14)
 2 SYSTEMPATH\View\View.php(213): include('C:\\xampp\\htdocs\\php-login-registration-webapp\\app\\Views\\users\\edit.php')
 3 SYSTEMPATH\View\View.php(216): CodeIgniter\View\View->CodeIgniter\View\{closure}()
 4 SYSTEMPATH\Common.php(1184): CodeIgniter\View\View->render('users/edit', [], true)
 5 APPPATH\Controllers\Users.php(103): view('users/edit')
 6 SYSTEMPATH\CodeIgniter.php(934): App\Controllers\Users->editIndex()
 7 SYSTEMPATH\CodeIgniter.php(499): CodeIgniter\CodeIgniter->runController(Object(App\Controllers\Users))
 8 SYSTEMPATH\CodeIgniter.php(368): CodeIgniter\CodeIgniter->handleRequest(null, Object(Config\Cache), false)
 9 FCPATH\index.php(67): CodeIgniter\CodeIgniter->run()
10 SYSTEMPATH\Commands\Server\rewrite.php(47): require_once('C:\\xampp\\htdocs\\php-login-registration-webapp\\public\\index.php')
CRITICAL - 2023-06-04 12:47:35 --> Undefined variable $user
in APPPATH\Views\users\edit.php on line 14.
 1 APPPATH\Views\users\edit.php(14): CodeIgniter\Debug\Exceptions->errorHandler(2, 'Undefined variable $user', 'C:\\xampp\\htdocs\\php-login-registration-webapp\\app\\Views\\users\\edit.php', 14)
 2 SYSTEMPATH\View\View.php(213): include('C:\\xampp\\htdocs\\php-login-registration-webapp\\app\\Views\\users\\edit.php')
 3 SYSTEMPATH\View\View.php(216): CodeIgniter\View\View->CodeIgniter\View\{closure}()
 4 SYSTEMPATH\Common.php(1184): CodeIgniter\View\View->render('users/edit', [], true)
 5 APPPATH\Controllers\Users.php(103): view('users/edit')
 6 SYSTEMPATH\CodeIgniter.php(934): App\Controllers\Users->editIndex()
 7 SYSTEMPATH\CodeIgniter.php(499): CodeIgniter\CodeIgniter->runController(Object(App\Controllers\Users))
 8 SYSTEMPATH\CodeIgniter.php(368): CodeIgniter\CodeIgniter->handleRequest(null, Object(Config\Cache), false)
 9 FCPATH\index.php(67): CodeIgniter\CodeIgniter->run()
10 SYSTEMPATH\Commands\Server\rewrite.php(47): require_once('C:\\xampp\\htdocs\\php-login-registration-webapp\\public\\index.php')
CRITICAL - 2023-06-04 12:47:36 --> Undefined variable $user
in APPPATH\Views\users\edit.php on line 14.
 1 APPPATH\Views\users\edit.php(14): CodeIgniter\Debug\Exceptions->errorHandler(2, 'Undefined variable $user', 'C:\\xampp\\htdocs\\php-login-registration-webapp\\app\\Views\\users\\edit.php', 14)
 2 SYSTEMPATH\View\View.php(213): include('C:\\xampp\\htdocs\\php-login-registration-webapp\\app\\Views\\users\\edit.php')
 3 SYSTEMPATH\View\View.php(216): CodeIgniter\View\View->CodeIgniter\View\{closure}()
 4 SYSTEMPATH\Common.php(1184): CodeIgniter\View\View->render('users/edit', [], true)
 5 APPPATH\Controllers\Users.php(103): view('users/edit')
 6 SYSTEMPATH\CodeIgniter.php(934): App\Controllers\Users->editIndex()
 7 SYSTEMPATH\CodeIgniter.php(499): CodeIgniter\CodeIgniter->runController(Object(App\Controllers\Users))
 8 SYSTEMPATH\CodeIgniter.php(368): CodeIgniter\CodeIgniter->handleRequest(null, Object(Config\Cache), false)
 9 FCPATH\index.php(67): CodeIgniter\CodeIgniter->run()
10 SYSTEMPATH\Commands\Server\rewrite.php(47): require_once('C:\\xampp\\htdocs\\php-login-registration-webapp\\public\\index.php')
CRITICAL - 2023-06-04 12:49:20 --> Undefined variable $user
in APPPATH\Views\users\edit.php on line 14.
 1 APPPATH\Views\users\edit.php(14): CodeIgniter\Debug\Exceptions->errorHandler(2, 'Undefined variable $user', 'C:\\xampp\\htdocs\\php-login-registration-webapp\\app\\Views\\users\\edit.php', 14)
 2 SYSTEMPATH\View\View.php(213): include('C:\\xampp\\htdocs\\php-login-registration-webapp\\app\\Views\\users\\edit.php')
 3 SYSTEMPATH\View\View.php(216): CodeIgniter\View\View->CodeIgniter\View\{closure}()
 4 SYSTEMPATH\Common.php(1184): CodeIgniter\View\View->render('users/edit', [], true)
 5 APPPATH\Controllers\Users.php(105): view('users/edit')
 6 SYSTEMPATH\CodeIgniter.php(934): App\Controllers\Users->editIndex()
 7 SYSTEMPATH\CodeIgniter.php(499): CodeIgniter\CodeIgniter->runController(Object(App\Controllers\Users))
 8 SYSTEMPATH\CodeIgniter.php(368): CodeIgniter\CodeIgniter->handleRequest(null, Object(Config\Cache), false)
 9 FCPATH\index.php(67): CodeIgniter\CodeIgniter->run()
10 SYSTEMPATH\Commands\Server\rewrite.php(47): require_once('C:\\xampp\\htdocs\\php-login-registration-webapp\\public\\index.php')
CRITICAL - 2023-06-04 12:49:21 --> Undefined variable $user
in APPPATH\Views\users\edit.php on line 14.
 1 APPPATH\Views\users\edit.php(14): CodeIgniter\Debug\Exceptions->errorHandler(2, 'Undefined variable $user', 'C:\\xampp\\htdocs\\php-login-registration-webapp\\app\\Views\\users\\edit.php', 14)
 2 SYSTEMPATH\View\View.php(213): include('C:\\xampp\\htdocs\\php-login-registration-webapp\\app\\Views\\users\\edit.php')
 3 SYSTEMPATH\View\View.php(216): CodeIgniter\View\View->CodeIgniter\View\{closure}()
 4 SYSTEMPATH\Common.php(1184): CodeIgniter\View\View->render('users/edit', [], true)
 5 APPPATH\Controllers\Users.php(105): view('users/edit')
 6 SYSTEMPATH\CodeIgniter.php(934): App\Controllers\Users->editIndex()
 7 SYSTEMPATH\CodeIgniter.php(499): CodeIgniter\CodeIgniter->runController(Object(App\Controllers\Users))
 8 SYSTEMPATH\CodeIgniter.php(368): CodeIgniter\CodeIgniter->handleRequest(null, Object(Config\Cache), false)
 9 FCPATH\index.php(67): CodeIgniter\CodeIgniter->run()
10 SYSTEMPATH\Commands\Server\rewrite.php(47): require_once('C:\\xampp\\htdocs\\php-login-registration-webapp\\public\\index.php')
CRITICAL - 2023-06-04 12:53:43 --> Undefined variable $user
in APPPATH\Views\users\edit.php on line 14.
 1 APPPATH\Views\users\edit.php(14): CodeIgniter\Debug\Exceptions->errorHandler(2, 'Undefined variable $user', 'C:\\xampp\\htdocs\\php-login-registration-webapp\\app\\Views\\users\\edit.php', 14)
 2 SYSTEMPATH\View\View.php(213): include('C:\\xampp\\htdocs\\php-login-registration-webapp\\app\\Views\\users\\edit.php')
 3 SYSTEMPATH\View\View.php(216): CodeIgniter\View\View->CodeIgniter\View\{closure}()
 4 SYSTEMPATH\Common.php(1184): CodeIgniter\View\View->render('users/edit', [], true)
 5 APPPATH\Controllers\Users.php(106): view('users/edit')
 6 SYSTEMPATH\CodeIgniter.php(934): App\Controllers\Users->editIndex()
 7 SYSTEMPATH\CodeIgniter.php(499): CodeIgniter\CodeIgniter->runController(Object(App\Controllers\Users))
 8 SYSTEMPATH\CodeIgniter.php(368): CodeIgniter\CodeIgniter->handleRequest(null, Object(Config\Cache), false)
 9 FCPATH\index.php(67): CodeIgniter\CodeIgniter->run()
10 SYSTEMPATH\Commands\Server\rewrite.php(47): require_once('C:\\xampp\\htdocs\\php-login-registration-webapp\\public\\index.php')
CRITICAL - 2023-06-04 12:53:44 --> Undefined variable $user
in APPPATH\Views\users\edit.php on line 14.
 1 APPPATH\Views\users\edit.php(14): CodeIgniter\Debug\Exceptions->errorHandler(2, 'Undefined variable $user', 'C:\\xampp\\htdocs\\php-login-registration-webapp\\app\\Views\\users\\edit.php', 14)
 2 SYSTEMPATH\View\View.php(213): include('C:\\xampp\\htdocs\\php-login-registration-webapp\\app\\Views\\users\\edit.php')
 3 SYSTEMPATH\View\View.php(216): CodeIgniter\View\View->CodeIgniter\View\{closure}()
 4 SYSTEMPATH\Common.php(1184): CodeIgniter\View\View->render('users/edit', [], true)
 5 APPPATH\Controllers\Users.php(106): view('users/edit')
 6 SYSTEMPATH\CodeIgniter.php(934): App\Controllers\Users->editIndex()
 7 SYSTEMPATH\CodeIgniter.php(499): CodeIgniter\CodeIgniter->runController(Object(App\Controllers\Users))
 8 SYSTEMPATH\CodeIgniter.php(368): CodeIgniter\CodeIgniter->handleRequest(null, Object(Config\Cache), false)
 9 FCPATH\index.php(67): CodeIgniter\CodeIgniter->run()
10 SYSTEMPATH\Commands\Server\rewrite.php(47): require_once('C:\\xampp\\htdocs\\php-login-registration-webapp\\public\\index.php')
CRITICAL - 2023-06-04 12:54:45 --> Undefined variable $name
in APPPATH\Views\users\edit.php on line 14.
 1 APPPATH\Views\users\edit.php(14): CodeIgniter\Debug\Exceptions->errorHandler(2, 'Undefined variable $name', 'C:\\xampp\\htdocs\\php-login-registration-webapp\\app\\Views\\users\\edit.php', 14)
 2 SYSTEMPATH\View\View.php(213): include('C:\\xampp\\htdocs\\php-login-registration-webapp\\app\\Views\\users\\edit.php')
 3 SYSTEMPATH\View\View.php(216): CodeIgniter\View\View->CodeIgniter\View\{closure}()
 4 SYSTEMPATH\Common.php(1184): CodeIgniter\View\View->render('users/edit', [], true)
 5 APPPATH\Controllers\Users.php(106): view('users/edit')
 6 SYSTEMPATH\CodeIgniter.php(934): App\Controllers\Users->editIndex()
 7 SYSTEMPATH\CodeIgniter.php(499): CodeIgniter\CodeIgniter->runController(Object(App\Controllers\Users))
 8 SYSTEMPATH\CodeIgniter.php(368): CodeIgniter\CodeIgniter->handleRequest(null, Object(Config\Cache), false)
 9 FCPATH\index.php(67): CodeIgniter\CodeIgniter->run()
10 SYSTEMPATH\Commands\Server\rewrite.php(47): require_once('C:\\xampp\\htdocs\\php-login-registration-webapp\\public\\index.php')
CRITICAL - 2023-06-04 12:54:46 --> Undefined variable $name
in APPPATH\Views\users\edit.php on line 14.
 1 APPPATH\Views\users\edit.php(14): CodeIgniter\Debug\Exceptions->errorHandler(2, 'Undefined variable $name', 'C:\\xampp\\htdocs\\php-login-registration-webapp\\app\\Views\\users\\edit.php', 14)
 2 SYSTEMPATH\View\View.php(213): include('C:\\xampp\\htdocs\\php-login-registration-webapp\\app\\Views\\users\\edit.php')
 3 SYSTEMPATH\View\View.php(216): CodeIgniter\View\View->CodeIgniter\View\{closure}()
 4 SYSTEMPATH\Common.php(1184): CodeIgniter\View\View->render('users/edit', [], true)
 5 APPPATH\Controllers\Users.php(106): view('users/edit')
 6 SYSTEMPATH\CodeIgniter.php(934): App\Controllers\Users->editIndex()
 7 SYSTEMPATH\CodeIgniter.php(499): CodeIgniter\CodeIgniter->runController(Object(App\Controllers\Users))
 8 SYSTEMPATH\CodeIgniter.php(368): CodeIgniter\CodeIgniter->handleRequest(null, Object(Config\Cache), false)
 9 FCPATH\index.php(67): CodeIgniter\CodeIgniter->run()
10 SYSTEMPATH\Commands\Server\rewrite.php(47): require_once('C:\\xampp\\htdocs\\php-login-registration-webapp\\public\\index.php')
CRITICAL - 2023-06-04 12:55:48 --> Undefined variable $name
in APPPATH\Views\users\edit.php on line 14.
 1 APPPATH\Views\users\edit.php(14): CodeIgniter\Debug\Exceptions->errorHandler(2, 'Undefined variable $name', 'C:\\xampp\\htdocs\\php-login-registration-webapp\\app\\Views\\users\\edit.php', 14)
 2 SYSTEMPATH\View\View.php(213): include('C:\\xampp\\htdocs\\php-login-registration-webapp\\app\\Views\\users\\edit.php')
 3 SYSTEMPATH\View\View.php(216): CodeIgniter\View\View->CodeIgniter\View\{closure}()
 4 SYSTEMPATH\Common.php(1184): CodeIgniter\View\View->render('users/edit', [], true)
 5 APPPATH\Controllers\Users.php(106): view('users/edit', [...])
 6 SYSTEMPATH\CodeIgniter.php(934): App\Controllers\Users->editIndex()
 7 SYSTEMPATH\CodeIgniter.php(499): CodeIgniter\CodeIgniter->runController(Object(App\Controllers\Users))
 8 SYSTEMPATH\CodeIgniter.php(368): CodeIgniter\CodeIgniter->handleRequest(null, Object(Config\Cache), false)
 9 FCPATH\index.php(67): CodeIgniter\CodeIgniter->run()
10 SYSTEMPATH\Commands\Server\rewrite.php(47): require_once('C:\\xampp\\htdocs\\php-login-registration-webapp\\public\\index.php')
CRITICAL - 2023-06-04 12:55:49 --> Undefined variable $name
in APPPATH\Views\users\edit.php on line 14.
 1 APPPATH\Views\users\edit.php(14): CodeIgniter\Debug\Exceptions->errorHandler(2, 'Undefined variable $name', 'C:\\xampp\\htdocs\\php-login-registration-webapp\\app\\Views\\users\\edit.php', 14)
 2 SYSTEMPATH\View\View.php(213): include('C:\\xampp\\htdocs\\php-login-registration-webapp\\app\\Views\\users\\edit.php')
 3 SYSTEMPATH\View\View.php(216): CodeIgniter\View\View->CodeIgniter\View\{closure}()
 4 SYSTEMPATH\Common.php(1184): CodeIgniter\View\View->render('users/edit', [], true)
 5 APPPATH\Controllers\Users.php(106): view('users/edit', [...])
 6 SYSTEMPATH\CodeIgniter.php(934): App\Controllers\Users->editIndex()
 7 SYSTEMPATH\CodeIgniter.php(499): CodeIgniter\CodeIgniter->runController(Object(App\Controllers\Users))
 8 SYSTEMPATH\CodeIgniter.php(368): CodeIgniter\CodeIgniter->handleRequest(null, Object(Config\Cache), false)
 9 FCPATH\index.php(67): CodeIgniter\CodeIgniter->run()
10 SYSTEMPATH\Commands\Server\rewrite.php(47): require_once('C:\\xampp\\htdocs\\php-login-registration-webapp\\public\\index.php')
CRITICAL - 2023-06-04 12:57:07 --> Attempt to read property "name" on array
in APPPATH\Views\users\edit.php on line 14.
 1 APPPATH\Views\users\edit.php(14): CodeIgniter\Debug\Exceptions->errorHandler(2, 'Attempt to read property "name" on array', 'C:\\xampp\\htdocs\\php-login-registration-webapp\\app\\Views\\users\\edit.php', 14)
 2 SYSTEMPATH\View\View.php(213): include('C:\\xampp\\htdocs\\php-login-registration-webapp\\app\\Views\\users\\edit.php')
 3 SYSTEMPATH\View\View.php(216): CodeIgniter\View\View->CodeIgniter\View\{closure}()
 4 SYSTEMPATH\Common.php(1184): CodeIgniter\View\View->render('users/edit', [], true)
 5 APPPATH\Controllers\Users.php(106): view('users/edit', [...])
 6 SYSTEMPATH\CodeIgniter.php(934): App\Controllers\Users->editIndex()
 7 SYSTEMPATH\CodeIgniter.php(499): CodeIgniter\CodeIgniter->runController(Object(App\Controllers\Users))
 8 SYSTEMPATH\CodeIgniter.php(368): CodeIgniter\CodeIgniter->handleRequest(null, Object(Config\Cache), false)
 9 FCPATH\index.php(67): CodeIgniter\CodeIgniter->run()
10 SYSTEMPATH\Commands\Server\rewrite.php(47): require_once('C:\\xampp\\htdocs\\php-login-registration-webapp\\public\\index.php')
CRITICAL - 2023-06-04 12:57:08 --> Attempt to read property "name" on array
in APPPATH\Views\users\edit.php on line 14.
 1 APPPATH\Views\users\edit.php(14): CodeIgniter\Debug\Exceptions->errorHandler(2, 'Attempt to read property "name" on array', 'C:\\xampp\\htdocs\\php-login-registration-webapp\\app\\Views\\users\\edit.php', 14)
 2 SYSTEMPATH\View\View.php(213): include('C:\\xampp\\htdocs\\php-login-registration-webapp\\app\\Views\\users\\edit.php')
 3 SYSTEMPATH\View\View.php(216): CodeIgniter\View\View->CodeIgniter\View\{closure}()
 4 SYSTEMPATH\Common.php(1184): CodeIgniter\View\View->render('users/edit', [], true)
 5 APPPATH\Controllers\Users.php(106): view('users/edit', [...])
 6 SYSTEMPATH\CodeIgniter.php(934): App\Controllers\Users->editIndex()
 7 SYSTEMPATH\CodeIgniter.php(499): CodeIgniter\CodeIgniter->runController(Object(App\Controllers\Users))
 8 SYSTEMPATH\CodeIgniter.php(368): CodeIgniter\CodeIgniter->handleRequest(null, Object(Config\Cache), false)
 9 FCPATH\index.php(67): CodeIgniter\CodeIgniter->run()
10 SYSTEMPATH\Commands\Server\rewrite.php(47): require_once('C:\\xampp\\htdocs\\php-login-registration-webapp\\public\\index.php')
CRITICAL - 2023-06-04 12:57:49 --> Undefined array key "user"
in APPPATH\Controllers\Users.php on line 104.
 1 APPPATH\Controllers\Users.php(104): CodeIgniter\Debug\Exceptions->errorHandler(2, 'Undefined array key "user"', 'C:\\xampp\\htdocs\\php-login-registration-webapp\\app\\Controllers\\Users.php', 104)
 2 SYSTEMPATH\CodeIgniter.php(934): App\Controllers\Users->editIndex()
 3 SYSTEMPATH\CodeIgniter.php(499): CodeIgniter\CodeIgniter->runController(Object(App\Controllers\Users))
 4 SYSTEMPATH\CodeIgniter.php(368): CodeIgniter\CodeIgniter->handleRequest(null, Object(Config\Cache), false)
 5 FCPATH\index.php(67): CodeIgniter\CodeIgniter->run()
 6 SYSTEMPATH\Commands\Server\rewrite.php(47): require_once('C:\\xampp\\htdocs\\php-login-registration-webapp\\public\\index.php')
CRITICAL - 2023-06-04 12:57:50 --> Undefined array key "user"
in APPPATH\Controllers\Users.php on line 104.
 1 APPPATH\Controllers\Users.php(104): CodeIgniter\Debug\Exceptions->errorHandler(2, 'Undefined array key "user"', 'C:\\xampp\\htdocs\\php-login-registration-webapp\\app\\Controllers\\Users.php', 104)
 2 SYSTEMPATH\CodeIgniter.php(934): App\Controllers\Users->editIndex()
 3 SYSTEMPATH\CodeIgniter.php(499): CodeIgniter\CodeIgniter->runController(Object(App\Controllers\Users))
 4 SYSTEMPATH\CodeIgniter.php(368): CodeIgniter\CodeIgniter->handleRequest(null, Object(Config\Cache), false)
 5 FCPATH\index.php(67): CodeIgniter\CodeIgniter->run()
 6 SYSTEMPATH\Commands\Server\rewrite.php(47): require_once('C:\\xampp\\htdocs\\php-login-registration-webapp\\public\\index.php')
