CRITICAL - 2023-06-07 18:22:34 --> Undefined variable $password
in APPPATH\Views\users\edit.php on line 20.
 1 APPPATH\Views\users\edit.php(20): CodeIgniter\Debug\Exceptions->errorHandler(2, 'Undefined variable $password', 'C:\\xampp\\htdocs\\php-login-registration-webapp\\app\\Views\\users\\edit.php', 20)
 2 SYSTEMPATH\View\View.php(213): include('C:\\xampp\\htdocs\\php-login-registration-webapp\\app\\Views\\users\\edit.php')
 3 SYSTEMPATH\View\View.php(216): CodeIgniter\View\View->CodeIgniter\View\{closure}()
 4 SYSTEMPATH\Common.php(1184): CodeIgniter\View\View->render('users/edit', [], true)
 5 APPPATH\Controllers\Users.php(106): view('users/edit', [...])
 6 SYSTEMPATH\CodeIgniter.php(934): App\Controllers\Users->editIndex()
 7 SYSTEMPATH\CodeIgniter.php(499): CodeIgniter\CodeIgniter->runController(Object(App\Controllers\Users))
 8 SYSTEMPATH\CodeIgniter.php(368): CodeIgniter\CodeIgniter->handleRequest(null, Object(Config\Cache), false)
 9 FCPATH\index.php(67): CodeIgniter\CodeIgniter->run()
10 SYSTEMPATH\Commands\Server\rewrite.php(47): require_once('C:\\xampp\\htdocs\\php-login-registration-webapp\\public\\index.php')
CRITICAL - 2023-06-07 18:22:35 --> Undefined variable $password
in APPPATH\Views\users\edit.php on line 20.
 1 APPPATH\Views\users\edit.php(20): CodeIgniter\Debug\Exceptions->errorHandler(2, 'Undefined variable $password', 'C:\\xampp\\htdocs\\php-login-registration-webapp\\app\\Views\\users\\edit.php', 20)
 2 SYSTEMPATH\View\View.php(213): include('C:\\xampp\\htdocs\\php-login-registration-webapp\\app\\Views\\users\\edit.php')
 3 SYSTEMPATH\View\View.php(216): CodeIgniter\View\View->CodeIgniter\View\{closure}()
 4 SYSTEMPATH\Common.php(1184): CodeIgniter\View\View->render('users/edit', [], true)
 5 APPPATH\Controllers\Users.php(106): view('users/edit', [...])
 6 SYSTEMPATH\CodeIgniter.php(934): App\Controllers\Users->editIndex()
 7 SYSTEMPATH\CodeIgniter.php(499): CodeIgniter\CodeIgniter->runController(Object(App\Controllers\Users))
 8 SYSTEMPATH\CodeIgniter.php(368): CodeIgniter\CodeIgniter->handleRequest(null, Object(Config\Cache), false)
 9 FCPATH\index.php(67): CodeIgniter\CodeIgniter->run()
10 SYSTEMPATH\Commands\Server\rewrite.php(47): require_once('C:\\xampp\\htdocs\\php-login-registration-webapp\\public\\index.php')
